2024-09-19T17:18:11.716+02:00  INFO 2480 --- [booking_backend] [restartedMain] c.a.b.BookingBackendApplication          : Starting BookingBackendApplication using Java 21.0.4 with PID 2480 (C:\Users\ALGORHYTHM\Documents\Booking\booking_backend\target\classes started by ALGORHYTHM in C:\Users\ALGORHYTHM\Documents\Booking\booking_backend)
2024-09-19T17:18:11.719+02:00 DEBUG 2480 --- [booking_backend] [restartedMain] c.a.b.BookingBackendApplication          : Running with Spring Boot v3.3.0, Spring v6.1.8
2024-09-19T17:18:11.720+02:00  INFO 2480 --- [booking_backend] [restartedMain] c.a.b.BookingBackendApplication          : No active profile set, falling back to 1 default profile: "default"
2024-09-19T17:18:11.810+02:00  INFO 2480 --- [booking_backend] [restartedMain] .e.DevToolsPropertyDefaultsPostProcessor : Devtools property defaults active! Set 'spring.devtools.add-properties' to 'false' to disable
2024-09-19T17:18:11.812+02:00  INFO 2480 --- [booking_backend] [restartedMain] .e.DevToolsPropertyDefaultsPostProcessor : For additional web related logging consider setting the 'logging.level.web' property to 'DEBUG'
2024-09-19T17:18:13.556+02:00  INFO 2480 --- [booking_backend] [restartedMain] .s.d.r.c.RepositoryConfigurationDelegate : Bootstrapping Spring Data JPA repositories in DEFAULT mode.
2024-09-19T17:18:13.703+02:00  INFO 2480 --- [booking_backend] [restartedMain] .s.d.r.c.RepositoryConfigurationDelegate : Finished Spring Data repository scanning in 134 ms. Found 8 JPA repository interfaces.
2024-09-19T17:18:14.517+02:00  INFO 2480 --- [booking_backend] [restartedMain] o.s.b.w.embedded.tomcat.TomcatWebServer  : Tomcat initialized with port 8081 (http)
2024-09-19T17:18:14.530+02:00  INFO 2480 --- [booking_backend] [restartedMain] o.apache.catalina.core.StandardService   : Starting service [Tomcat]
2024-09-19T17:18:14.530+02:00  INFO 2480 --- [booking_backend] [restartedMain] o.apache.catalina.core.StandardEngine    : Starting Servlet engine: [Apache Tomcat/10.1.24]
2024-09-19T17:18:14.594+02:00  INFO 2480 --- [booking_backend] [restartedMain] o.a.c.c.C.[Tomcat].[localhost].[/]       : Initializing Spring embedded WebApplicationContext
2024-09-19T17:18:14.594+02:00  INFO 2480 --- [booking_backend] [restartedMain] w.s.c.ServletWebServerApplicationContext : Root WebApplicationContext: initialization completed in 2781 ms
2024-09-19T17:18:14.750+02:00  INFO 2480 --- [booking_backend] [restartedMain] com.zaxxer.hikari.HikariDataSource       : HikariPool-1 - Starting...
2024-09-19T17:18:14.950+02:00  INFO 2480 --- [booking_backend] [restartedMain] com.zaxxer.hikari.pool.HikariPool        : HikariPool-1 - Added connection org.postgresql.jdbc.PgConnection@7326e8a1
2024-09-19T17:18:14.951+02:00  INFO 2480 --- [booking_backend] [restartedMain] com.zaxxer.hikari.HikariDataSource       : HikariPool-1 - Start completed.
2024-09-19T17:18:15.196+02:00  INFO 2480 --- [booking_backend] [restartedMain] liquibase.database                       : Set default schema name to public
2024-09-19T17:18:16.141+02:00  INFO 2480 --- [booking_backend] [restartedMain] liquibase.changelog                      : Reading from public.databasechangelog
2024-09-19T17:18:16.225+02:00  INFO 2480 --- [booking_backend] [restartedMain] liquibase.ui                             : Database is up to date, no changesets to execute
2024-09-19T17:18:16.228+02:00  INFO 2480 --- [booking_backend] [restartedMain] liquibase.changelog                      : Reading from public.databasechangelog
2024-09-19T17:18:16.239+02:00  INFO 2480 --- [booking_backend] [restartedMain] liquibase.util                           : UPDATE SUMMARY
2024-09-19T17:18:16.239+02:00  INFO 2480 --- [booking_backend] [restartedMain] liquibase.util                           : Run:                          0
2024-09-19T17:18:16.239+02:00  INFO 2480 --- [booking_backend] [restartedMain] liquibase.util                           : Previously run:              15
2024-09-19T17:18:16.239+02:00  INFO 2480 --- [booking_backend] [restartedMain] liquibase.util                           : Filtered out:                 0
2024-09-19T17:18:16.239+02:00  INFO 2480 --- [booking_backend] [restartedMain] liquibase.util                           : -------------------------------
2024-09-19T17:18:16.239+02:00  INFO 2480 --- [booking_backend] [restartedMain] liquibase.util                           : Total change sets:           15
2024-09-19T17:18:16.240+02:00  INFO 2480 --- [booking_backend] [restartedMain] liquibase.util                           : Update summary generated
2024-09-19T17:18:16.266+02:00  INFO 2480 --- [booking_backend] [restartedMain] liquibase.lockservice                    : Successfully released change log lock
2024-09-19T17:18:16.268+02:00  INFO 2480 --- [booking_backend] [restartedMain] liquibase.command                        : Command execution complete
2024-09-19T17:18:16.399+02:00  INFO 2480 --- [booking_backend] [restartedMain] o.hibernate.jpa.internal.util.LogHelper  : HHH000204: Processing PersistenceUnitInfo [name: default]
2024-09-19T17:18:16.491+02:00  INFO 2480 --- [booking_backend] [restartedMain] org.hibernate.Version                    : HHH000412: Hibernate ORM core version 6.5.2.Final
2024-09-19T17:18:16.539+02:00  INFO 2480 --- [booking_backend] [restartedMain] o.h.c.internal.RegionFactoryInitiator    : HHH000026: Second-level cache disabled
2024-09-19T17:18:16.930+02:00  INFO 2480 --- [booking_backend] [restartedMain] o.s.o.j.p.SpringPersistenceUnitInfo      : No LoadTimeWeaver setup: ignoring JPA class transformer
2024-09-19T17:18:18.338+02:00  INFO 2480 --- [booking_backend] [restartedMain] o.h.e.t.j.p.i.JtaPlatformInitiator       : HHH000489: No JTA platform available (set 'hibernate.transaction.jta.platform' to enable JTA platform integration)
2024-09-19T17:18:18.522+02:00  INFO 2480 --- [booking_backend] [restartedMain] j.LocalContainerEntityManagerFactoryBean : Initialized JPA EntityManagerFactory for persistence unit 'default'
2024-09-19T17:18:18.816+02:00  INFO 2480 --- [booking_backend] [restartedMain] o.s.d.j.r.query.QueryEnhancerFactory     : Hibernate is in classpath; If applicable, HQL parser will be used.
2024-09-19T17:18:19.507+02:00 DEBUG 2480 --- [booking_backend] [restartedMain] c.a.b.c.JwtAuthenticationFilter          : Filter 'jwtAuthenticationFilter' configured for use
2024-09-19T17:18:20.834+02:00  INFO 2480 --- [booking_backend] [restartedMain] eAuthenticationProviderManagerConfigurer : Global AuthenticationManager configured with AuthenticationProvider bean with name authenticationProvider
2024-09-19T17:18:20.835+02:00  WARN 2480 --- [booking_backend] [restartedMain] r$InitializeUserDetailsManagerConfigurer : Global AuthenticationManager configured with an AuthenticationProvider bean. UserDetailsService beans will not be used for username/password login. Consider removing the AuthenticationProvider bean. Alternatively, consider using the UserDetailsService in a manually instantiated DaoAuthenticationProvider.
2024-09-19T17:18:20.970+02:00  WARN 2480 --- [booking_backend] [restartedMain] JpaBaseConfiguration$JpaWebConfiguration : spring.jpa.open-in-view is enabled by default. Therefore, database queries may be performed during view rendering. Explicitly configure spring.jpa.open-in-view to disable this warning
2024-09-19T17:18:21.405+02:00  INFO 2480 --- [booking_backend] [restartedMain] o.s.s.web.DefaultSecurityFilterChain     : Will secure any request with [org.springframework.security.web.session.DisableEncodeUrlFilter@3a9aa216, org.springframework.security.web.context.request.async.WebAsyncManagerIntegrationFilter@7e3b02b1, org.springframework.security.web.context.SecurityContextHolderFilter@56b0cb87, org.springframework.security.web.header.HeaderWriterFilter@2bac1d5, org.springframework.web.filter.CorsFilter@4755dafc, org.springframework.security.web.authentication.logout.LogoutFilter@1e3767ef, com.algorhythm.booking_backend.configuration.JwtAuthenticationFilter@3767f1d5, org.springframework.security.web.authentication.www.BasicAuthenticationFilter@4370f2b6, org.springframework.security.web.savedrequest.RequestCacheAwareFilter@21d1e058, org.springframework.security.web.servletapi.SecurityContextHolderAwareRequestFilter@262f5c27, org.springframework.security.web.authentication.AnonymousAuthenticationFilter@4b8d57f3, org.springframework.security.web.session.SessionManagementFilter@206f464e, org.springframework.security.web.access.ExceptionTranslationFilter@3dca6f4b, org.springframework.security.web.access.intercept.AuthorizationFilter@c99c134]
2024-09-19T17:18:21.897+02:00  INFO 2480 --- [booking_backend] [restartedMain] o.s.b.d.a.OptionalLiveReloadServer       : LiveReload server is running on port 35729
2024-09-19T17:18:21.940+02:00  INFO 2480 --- [booking_backend] [restartedMain] o.s.b.w.embedded.tomcat.TomcatWebServer  : Tomcat started on port 8081 (http) with context path '/'
2024-09-19T17:18:21.962+02:00  INFO 2480 --- [booking_backend] [restartedMain] c.a.b.BookingBackendApplication          : Started BookingBackendApplication in 10.975 seconds (process running for 12.265)
2024-09-19T17:18:35.362+02:00  INFO 2480 --- [booking_backend] [SpringApplicationShutdownHook] j.LocalContainerEntityManagerFactoryBean : Closing JPA EntityManagerFactory for persistence unit 'default'
2024-09-19T17:18:35.367+02:00  INFO 2480 --- [booking_backend] [SpringApplicationShutdownHook] com.zaxxer.hikari.HikariDataSource       : HikariPool-1 - Shutdown initiated...
2024-09-19T17:18:35.374+02:00  INFO 2480 --- [booking_backend] [SpringApplicationShutdownHook] com.zaxxer.hikari.HikariDataSource       : HikariPool-1 - Shutdown completed.
