2024-09-19T17:13:41.559+02:00  INFO 8684 --- [booking_backend] [restartedMain] c.a.b.BookingBackendApplication          : Starting BookingBackendApplication using Java 21.0.4 with PID 8684 (C:\Users\ALGORHYTHM\Documents\Booking\booking_backend\target\classes started by ALGORHYTHM in C:\Users\ALGORHYTHM\Documents\Booking\booking_backend)
2024-09-19T17:13:41.563+02:00 DEBUG 8684 --- [booking_backend] [restartedMain] c.a.b.BookingBackendApplication          : Running with Spring Boot v3.3.0, Spring v6.1.8
2024-09-19T17:13:41.564+02:00  INFO 8684 --- [booking_backend] [restartedMain] c.a.b.BookingBackendApplication          : No active profile set, falling back to 1 default profile: "default"
2024-09-19T17:13:41.682+02:00  INFO 8684 --- [booking_backend] [restartedMain] .e.DevToolsPropertyDefaultsPostProcessor : Devtools property defaults active! Set 'spring.devtools.add-properties' to 'false' to disable
2024-09-19T17:13:41.751+02:00  INFO 8684 --- [booking_backend] [restartedMain] .e.DevToolsPropertyDefaultsPostProcessor : For additional web related logging consider setting the 'logging.level.web' property to 'DEBUG'
2024-09-19T17:13:43.154+02:00  INFO 8684 --- [booking_backend] [restartedMain] .s.d.r.c.RepositoryConfigurationDelegate : Bootstrapping Spring Data JPA repositories in DEFAULT mode.
2024-09-19T17:13:43.291+02:00  INFO 8684 --- [booking_backend] [restartedMain] .s.d.r.c.RepositoryConfigurationDelegate : Finished Spring Data repository scanning in 126 ms. Found 8 JPA repository interfaces.
2024-09-19T17:13:44.146+02:00  INFO 8684 --- [booking_backend] [restartedMain] o.s.b.w.embedded.tomcat.TomcatWebServer  : Tomcat initialized with port 8081 (http)
2024-09-19T17:13:44.161+02:00  INFO 8684 --- [booking_backend] [restartedMain] o.apache.catalina.core.StandardService   : Starting service [Tomcat]
2024-09-19T17:13:44.161+02:00  INFO 8684 --- [booking_backend] [restartedMain] o.apache.catalina.core.StandardEngine    : Starting Servlet engine: [Apache Tomcat/10.1.24]
2024-09-19T17:13:44.235+02:00  INFO 8684 --- [booking_backend] [restartedMain] o.a.c.c.C.[Tomcat].[localhost].[/]       : Initializing Spring embedded WebApplicationContext
2024-09-19T17:13:44.236+02:00  INFO 8684 --- [booking_backend] [restartedMain] w.s.c.ServletWebServerApplicationContext : Root WebApplicationContext: initialization completed in 2484 ms
2024-09-19T17:13:44.414+02:00  INFO 8684 --- [booking_backend] [restartedMain] com.zaxxer.hikari.HikariDataSource       : HikariPool-1 - Starting...
2024-09-19T17:13:44.598+02:00  INFO 8684 --- [booking_backend] [restartedMain] com.zaxxer.hikari.pool.HikariPool        : HikariPool-1 - Added connection org.postgresql.jdbc.PgConnection@64bdd415
2024-09-19T17:13:44.600+02:00  INFO 8684 --- [booking_backend] [restartedMain] com.zaxxer.hikari.HikariDataSource       : HikariPool-1 - Start completed.
2024-09-19T17:13:44.886+02:00  INFO 8684 --- [booking_backend] [restartedMain] liquibase.database                       : Set default schema name to public
2024-09-19T17:13:45.932+02:00  INFO 8684 --- [booking_backend] [restartedMain] liquibase.changelog                      : Reading from public.databasechangelog
2024-09-19T17:13:46.039+02:00  INFO 8684 --- [booking_backend] [restartedMain] liquibase.ui                             : Database is up to date, no changesets to execute
2024-09-19T17:13:46.041+02:00  INFO 8684 --- [booking_backend] [restartedMain] liquibase.changelog                      : Reading from public.databasechangelog
2024-09-19T17:13:46.054+02:00  INFO 8684 --- [booking_backend] [restartedMain] liquibase.util                           : UPDATE SUMMARY
2024-09-19T17:13:46.054+02:00  INFO 8684 --- [booking_backend] [restartedMain] liquibase.util                           : Run:                          0
2024-09-19T17:13:46.054+02:00  INFO 8684 --- [booking_backend] [restartedMain] liquibase.util                           : Previously run:              15
2024-09-19T17:13:46.055+02:00  INFO 8684 --- [booking_backend] [restartedMain] liquibase.util                           : Filtered out:                 0
2024-09-19T17:13:46.055+02:00  INFO 8684 --- [booking_backend] [restartedMain] liquibase.util                           : -------------------------------
2024-09-19T17:13:46.055+02:00  INFO 8684 --- [booking_backend] [restartedMain] liquibase.util                           : Total change sets:           15
2024-09-19T17:13:46.056+02:00  INFO 8684 --- [booking_backend] [restartedMain] liquibase.util                           : Update summary generated
2024-09-19T17:13:46.089+02:00  INFO 8684 --- [booking_backend] [restartedMain] liquibase.lockservice                    : Successfully released change log lock
2024-09-19T17:13:46.091+02:00  INFO 8684 --- [booking_backend] [restartedMain] liquibase.command                        : Command execution complete
2024-09-19T17:13:46.236+02:00  INFO 8684 --- [booking_backend] [restartedMain] o.hibernate.jpa.internal.util.LogHelper  : HHH000204: Processing PersistenceUnitInfo [name: default]
2024-09-19T17:13:46.317+02:00  INFO 8684 --- [booking_backend] [restartedMain] org.hibernate.Version                    : HHH000412: Hibernate ORM core version 6.5.2.Final
2024-09-19T17:13:46.361+02:00  INFO 8684 --- [booking_backend] [restartedMain] o.h.c.internal.RegionFactoryInitiator    : HHH000026: Second-level cache disabled
2024-09-19T17:13:46.765+02:00  INFO 8684 --- [booking_backend] [restartedMain] o.s.o.j.p.SpringPersistenceUnitInfo      : No LoadTimeWeaver setup: ignoring JPA class transformer
2024-09-19T17:13:48.225+02:00  INFO 8684 --- [booking_backend] [restartedMain] o.h.e.t.j.p.i.JtaPlatformInitiator       : HHH000489: No JTA platform available (set 'hibernate.transaction.jta.platform' to enable JTA platform integration)
2024-09-19T17:13:48.403+02:00  INFO 8684 --- [booking_backend] [restartedMain] j.LocalContainerEntityManagerFactoryBean : Initialized JPA EntityManagerFactory for persistence unit 'default'
2024-09-19T17:13:48.685+02:00  INFO 8684 --- [booking_backend] [restartedMain] o.s.d.j.r.query.QueryEnhancerFactory     : Hibernate is in classpath; If applicable, HQL parser will be used.
2024-09-19T17:13:49.307+02:00 DEBUG 8684 --- [booking_backend] [restartedMain] c.a.b.c.JwtAuthenticationFilter          : Filter 'jwtAuthenticationFilter' configured for use
2024-09-19T17:13:50.466+02:00  INFO 8684 --- [booking_backend] [restartedMain] eAuthenticationProviderManagerConfigurer : Global AuthenticationManager configured with AuthenticationProvider bean with name authenticationProvider
2024-09-19T17:13:50.467+02:00  WARN 8684 --- [booking_backend] [restartedMain] r$InitializeUserDetailsManagerConfigurer : Global AuthenticationManager configured with an AuthenticationProvider bean. UserDetailsService beans will not be used for username/password login. Consider removing the AuthenticationProvider bean. Alternatively, consider using the UserDetailsService in a manually instantiated DaoAuthenticationProvider.
2024-09-19T17:13:50.601+02:00  WARN 8684 --- [booking_backend] [restartedMain] JpaBaseConfiguration$JpaWebConfiguration : spring.jpa.open-in-view is enabled by default. Therefore, database queries may be performed during view rendering. Explicitly configure spring.jpa.open-in-view to disable this warning
2024-09-19T17:13:51.023+02:00  INFO 8684 --- [booking_backend] [restartedMain] o.s.s.web.DefaultSecurityFilterChain     : Will secure any request with [org.springframework.security.web.session.DisableEncodeUrlFilter@7e3b02b1, org.springframework.security.web.context.request.async.WebAsyncManagerIntegrationFilter@4755dafc, org.springframework.security.web.context.SecurityContextHolderFilter@c37ba29, org.springframework.security.web.header.HeaderWriterFilter@3a145d31, org.springframework.web.filter.CorsFilter@4b8d57f3, org.springframework.security.web.authentication.logout.LogoutFilter@1d692a, com.algorhythm.booking_backend.configuration.JwtAuthenticationFilter@3767f1d5, org.springframework.security.web.authentication.www.BasicAuthenticationFilter@7d7d00a, org.springframework.security.web.savedrequest.RequestCacheAwareFilter@18088eb9, org.springframework.security.web.servletapi.SecurityContextHolderAwareRequestFilter@5773efb1, org.springframework.security.web.authentication.AnonymousAuthenticationFilter@24e8d686, org.springframework.security.web.session.SessionManagementFilter@6888a867, org.springframework.security.web.access.ExceptionTranslationFilter@79e129be, org.springframework.security.web.access.intercept.AuthorizationFilter@30baef0c]
2024-09-19T17:13:51.508+02:00  INFO 8684 --- [booking_backend] [restartedMain] o.s.b.d.a.OptionalLiveReloadServer       : LiveReload server is running on port 35729
2024-09-19T17:13:51.555+02:00  INFO 8684 --- [booking_backend] [restartedMain] o.s.b.w.embedded.tomcat.TomcatWebServer  : Tomcat started on port 8081 (http) with context path '/'
2024-09-19T17:13:51.573+02:00  INFO 8684 --- [booking_backend] [restartedMain] c.a.b.BookingBackendApplication          : Started BookingBackendApplication in 10.729 seconds (process running for 11.933)
2024-09-19T17:13:59.801+02:00  INFO 8684 --- [booking_backend] [SpringApplicationShutdownHook] j.LocalContainerEntityManagerFactoryBean : Closing JPA EntityManagerFactory for persistence unit 'default'
2024-09-19T17:13:59.805+02:00  INFO 8684 --- [booking_backend] [SpringApplicationShutdownHook] com.zaxxer.hikari.HikariDataSource       : HikariPool-1 - Shutdown initiated...
2024-09-19T17:13:59.814+02:00  INFO 8684 --- [booking_backend] [SpringApplicationShutdownHook] com.zaxxer.hikari.HikariDataSource       : HikariPool-1 - Shutdown completed.
